[2m15:55:31[22m [31m[1m[vite][22m[39m [31mhttp proxy error: /api/workshop-history/conversations/ws_1776927414766_3oyc15[39m
AggregateError [ECONNREFUSED]: 
    at internalConnectMultiple (node:net:1134:18)
    at afterConnectMultiple (node:net:1715:7)
[2m15:56:27[22m [31m[1m[vite][22m[39m [31mhttp proxy error: /api/analytics/page-view[39m
AggregateError [ECONNREFUSED]: 
    at internalConnectMultiple (node:net:1134:18)
    at afterConnectMultiple (node:net:1715:7)
[2m15:56:28[22m [31m[1m[vite][22m[39m [31mhttp proxy error: /api/analytics/page-view[39m
AggregateError [ECONNREFUSED]: 
    at internalConnectMultiple (node:net:1134:18)
    at afterConnectMultiple (node:net:1715:7)
[2m15:56:28[22m [31m[1m[vite][22m[39m [31mhttp proxy error: /api/analytics/page-view[39m
AggregateError [ECONNREFUSED]: 
    at internalConnectMultiple (node:net:1134:18)
    at afterConnectMultiple (node:net:1715:7)
[2m15:56:29[22m [31m[1m[vite][22m[39m [31mhttp proxy error: /api/workshop-history/conversations/ws_1776927414766_3oyc15[39m
AggregateError [ECONNREFUSED]: 
    at internalConnectMultiple (node:net:1134:18)
    at afterConnectMultiple (node:net:1715:7)
[2m15:56:30[22m [31m[1m[vite][22m[39m [31mhttp proxy error: /api/workshop-history/conversations/ws_1776927414766_3oyc15[39m
AggregateError [ECONNREFUSED]: 
    at internalConnectMultiple (node:net:1134:18)
    at afterConnectMultiple (node:net:1715:7)
[2m15:56:35[22m [31m[1m[vite][22m[39m [31mhttp proxy error: /api/workshop-history/conversations/ws_1776927414766_3oyc15[39m
AggregateError [ECONNREFUSED]: 
    at internalConnectMultiple (node:net:1134:18)
    at afterConnectMultiple (node:net:1715:7)
[2m15:56:43[22m [31m[1m[vite][22m[39m [31mhttp proxy error: /api/workshop-history/conversations/ws_1776927414766_3oyc15[39m
AggregateError [ECONNREFUSED]: 
    at internalConnectMultiple (node:net:1134:18)
    at afterConnectMultiple (node:net:1715:7)
[2m15:57:53[22m [31m[1m[vite][22m[39m [31mhttp proxy error: /api/workshop-history/conversations/ws_1776927414766_3oyc15[39m
AggregateError [ECONNREFUSED]: 
    at internalConnectMultiple (node:net:1134:18)
    at afterConnectMultiple (node:net:1715:7)
[2m15:58:58[22m [31m[1m[vite][22m[39m [31mhttp proxy error: /api/workshop-history/conversations/ws_1776927414766_3oyc15[39m
AggregateError [ECONNREFUSED]: 
    at internalConnectMultiple (node:net:1134:18)
    at afterConnectMultiple (node:net:1715:7)
[2m16:05:32[22m [31m[1m[vite][22m[39m [31mhttp proxy error: /api/analytics/page-view[39m
AggregateError [ECONNREFUSED]: 
    at internalConnectMultiple (node:net:1134:18)
    at afterConnectMultiple (node:net:1715:7)
[2m16:05:32[22m [31m[1m[vite][22m[39m [31mhttp proxy error: /api/workshop-history/conversations[39m
AggregateError [ECONNREFUSED]: 
    at internalConnectMultiple (node:net:1134:18)
    at afterConnectMultiple (node:net:1715:7)
[2m16:11:03[22m [31m[1m[vite][22m[39m [31mhttp proxy error: /api/workshop-history/conversations[39m
AggregateError [ECONNREFUSED]: 
    at internalConnectMultiple (node:net:1134:18)
    at afterConnectMultiple (node:net:1715:7)
[2m16:11:03[22m [31m[1m[vite][22m[39m [31mhttp proxy error: /api/workshop-history/conversations[39m
AggregateError [ECONNREFUSED]: 
    at internalConnectMultiple (node:net:1134:18)
    at afterConnectMultiple (node:net:1715:7)
[2m16:11:03[22m [31m[1m[vite][22m[39m [31mhttp proxy error: /api/analytics/page-view[39m
AggregateError [ECONNREFUSED]: 
    at internalConnectMultiple (node:net:1134:18)
    at afterConnectMultiple (node:net:1715:7)
[2m16:11:03[22m [31m[1m[vite][22m[39m [31mhttp proxy error: /api/workshop-history/conversations[39m
AggregateError [ECONNREFUSED]: 
    at internalConnectMultiple (node:net:1134:18)
    at afterConnectMultiple (node:net:1715:7)
[2m16:12:36[22m [31m[1m[vite][22m[39m [31mhttp proxy error: /api/workshop-history/conversations[39m
AggregateError [ECONNREFUSED]: 
    at internalConnectMultiple (node:net:1134:18)
    at afterConnectMultiple (node:net:1715:7)
[2m16:12:36[22m [31m[1m[vite][22m[39m [31mhttp proxy error: /api/analytics/page-view[39m
AggregateError [ECONNREFUSED]: 
    at internalConnectMultiple (node:net:1134:18)
    at afterConnectMultiple (node:net:1715:7)
[2m16:12:36[22m [31m[1m[vite][22m[39m [31mhttp proxy error: /api/workshop-history/conversations[39m
AggregateError [ECONNREFUSED]: 
    at internalConnectMultiple (node:net:1134:18)
    at afterConnectMultiple (node:net:1715:7)
[2m16:14:17[22m [31m[1m[vite][22m[39m [31mhttp proxy error: /api/analytics/page-view[39m
AggregateError [ECONNREFUSED]: 
    at internalConnectMultiple (node:net:1134:18)
    at afterConnectMultiple (node:net:1715:7)
[2m16:14:17[22m [31m[1m[vite][22m[39m [31mhttp proxy error: /api/workshop-history/conversations[39m
AggregateError [ECONNREFUSED]: 
    at internalConnectMultiple (node:net:1134:18)
    at afterConnectMultiple (node:net:1715:7)
[2m16:14:18[22m [31m[1m[vite][22m[39m [31mhttp proxy error: /api/analytics/page-view[39m
AggregateError [ECONNREFUSED]: 
    at internalConnectMultiple (node:net:1134:18)
    at afterConnectMultiple (node:net:1715:7)
[2m16:14:18[22m [31m[1m[vite][22m[39m [31mhttp proxy error: /api/workshop-history/conversations[39m
AggregateError [ECONNREFUSED]: 
    at internalConnectMultiple (node:net:1134:18)
    at afterConnectMultiple (node:net:1715:7)
[2m16:14:18[22m [31m[1m[vite][22m[39m [31mhttp proxy error: /api/workshop-history/conversations[39m
AggregateError [ECONNREFUSED]: 
    at internalConnectMultiple (node:net:1134:18)
    at afterConnectMultiple (node:net:1715:7)
[2m16:14:18[22m [31m[1m[vite][22m[39m [31mhttp proxy error: /api/analytics/page-view[39m
AggregateError [ECONNREFUSED]: 
    at internalConnectMultiple (node:net:1134:18)
    at afterConnectMultiple (node:net:1715:7)
[2m16:14:18[22m [31m[1m[vite][22m[39m [31mhttp proxy error: /api/workshop-history/conversations[39m
AggregateError [ECONNREFUSED]: 
    at internalConnectMultiple (node:net:1134:18)
    at afterConnectMultiple (node:net:1715:7)
[2m16:14:19[22m [31m[1m[vite][22m[39m [31mhttp proxy error: /api/analytics/page-view[39m
AggregateError [ECONNREFUSED]: 
    at internalConnectMultiple (node:net:1134:18)
    at afterConnectMultiple (node:net:1715:7)
[2m16:14:19[22m [31m[1m[vite][22m[39m [31mhttp proxy error: /api/workshop-history/conversations[39m
AggregateError [ECONNREFUSED]: 
    at internalConnectMultiple (node:net:1134:18)
    at afterConnectMultiple (node:net:1715:7)
[2m16:14:19[22m [31m[1m[vite][22m[39m [31mhttp proxy error: /api/analytics/page-view[39m
AggregateError [ECONNREFUSED]: 
    at internalConnectMultiple (node:net:1134:18)
    at afterConnectMultiple (node:net:1715:7)
[2m16:14:19[22m [31m[1m[vite][22m[39m [31mhttp proxy error: /api/workshop-history/conversations[39m
AggregateError [ECONNREFUSED]: 
    at internalConnectMultiple (node:net:1134:18)
    at afterConnectMultiple (node:net:1715:7)
[2m16:14:19[22m [31m[1m[vite][22m[39m [31mhttp proxy error: /api/ranks/main/weibo[39m
AggregateError [ECONNREFUSED]: 
    at internalConnectMultiple (node:net:1134:18)
    at afterConnectMultiple (node:net:1715:7)
[2m16:14:19[22m [31m[1m[vite][22m[39m [31mhttp proxy error: /api/ranks/sub/weibo[39m
AggregateError [ECONNREFUSED]: 
    at internalConnectMultiple (node:net:1134:18)
    at afterConnectMultiple (node:net:1715:7)
[2m16:14:21[22m [31m[1m[vite][22m[39m [31mhttp proxy error: /api/analytics/page-view[39m
AggregateError [ECONNREFUSED]: 
    at internalConnectMultiple (node:net:1134:18)
    at afterConnectMultiple (node:net:1715:7)
[2m16:14:21[22m [31m[1m[vite][22m[39m [31mhttp proxy error: /api/workshop-history/conversations[39m
AggregateError [ECONNREFUSED]: 
    at internalConnectMultiple (node:net:1134:18)
    at afterConnectMultiple (node:net:1715:7)
[2m16:14:21[22m [31m[1m[vite][22m[39m [31mhttp proxy error: /api/workshop-history/conversations[39m
AggregateError [ECONNREFUSED]: 
    at internalConnectMultiple (node:net:1134:18)
    at afterConnectMultiple (node:net:1715:7)
[2m16:14:21[22m [31m[1m[vite][22m[39m [31mhttp proxy error: /api/analytics/page-view[39m
AggregateError [ECONNREFUSED]: 
    at internalConnectMultiple (node:net:1134:18)
    at afterConnectMultiple (node:net:1715:7)
[2m16:14:21[22m [31m[1m[vite][22m[39m [31mhttp proxy error: /api/workshop-history/conversations[39m
AggregateError [ECONNREFUSED]: 
    at internalConnectMultiple (node:net:1134:18)
    at afterConnectMultiple (node:net:1715:7)
[2m16:30:44[22m [31m[1m[vite][22m[39m Pre-transform error: Failed to load url /src/router/index.js (resolved id: D:/Cording_V1.0/AI EDU/Web_Frontend/src/router/index.js) in D:/Cording_V1.0/AI EDU/Web_Frontend/src/main.js. Does the file exist?
[2m16:31:29[22m [31m[1m[vite][22m[39m [31mhttp proxy error: /api/auth/me[39m
AggregateError [ECONNREFUSED]: 
    at internalConnectMultiple (node:net:1134:18)
    at afterConnectMultiple (node:net:1715:7)
[2m16:31:29[22m [31m[1m[vite][22m[39m [31mhttp proxy error: /api/workshop-history/conversations[39m
AggregateError [ECONNREFUSED]: 
    at internalConnectMultiple (node:net:1134:18)
    at afterConnectMultiple (node:net:1715:7)
[2m16:31:29[22m [31m[1m[vite][22m[39m [31mhttp proxy error: /api/workshop-history/conversations[39m
AggregateError [ECONNREFUSED]: 
    at internalConnectMultiple (node:net:1134:18)
    at afterConnectMultiple (node:net:1715:7)
[2m16:31:29[22m [31m[1m[vite][22m[39m [31mhttp proxy error: /api/analytics/page-view[39m
AggregateError [ECONNREFUSED]: 
    at internalConnectMultiple (node:net:1134:18)
    at afterConnectMultiple (node:net:1715:7)
[2m16:31:29[22m [31m[1m[vite][22m[39m [31mhttp proxy error: /api/workshop-history/conversations[39m
AggregateError [ECONNREFUSED]: 
    at internalConnectMultiple (node:net:1134:18)
    at afterConnectMultiple (node:net:1715:7)
[2m16:31:53[22m [31m[1m[vite][22m[39m [31mhttp proxy error: /api/auth/me[39m
AggregateError [ECONNREFUSED]: 
    at internalConnectMultiple (node:net:1134:18)
    at afterConnectMultiple (node:net:1715:7)
[2m16:31:53[22m [31m[1m[vite][22m[39m [31mhttp proxy error: /api/analytics/page-view[39m
AggregateError [ECONNREFUSED]: 
    at internalConnectMultiple (node:net:1134:18)
    at afterConnectMultiple (node:net:1715:7)
[2m16:31:53[22m [31m[1m[vite][22m[39m [31mhttp proxy error: /api/workshop-history/conversations[39m
AggregateError [ECONNREFUSED]: 
    at internalConnectMultiple (node:net:1134:18)
    at afterConnectMultiple (node:net:1715:7)
[2m16:31:53[22m [31m[1m[vite][22m[39m [31mhttp proxy error: /api/workshop-history/conversations[39m
AggregateError [ECONNREFUSED]: 
    at internalConnectMultiple (node:net:1134:18)
    at afterConnectMultiple (node:net:1715:7)
[2m16:31:53[22m [31m[1m[vite][22m[39m [31mhttp proxy error: /api/analytics/page-view[39m
AggregateError [ECONNREFUSED]: 
    at internalConnectMultiple (node:net:1134:18)
    at afterConnectMultiple (node:net:1715:7)
[2m16:31:53[22m [31m[1m[vite][22m[39m [31mhttp proxy error: /api/workshop-history/conversations[39m
AggregateError [ECONNREFUSED]: 
    at internalConnectMultiple (node:net:1134:18)
    at afterConnectMultiple (node:net:1715:7)
[2m16:35:40[22m [31m[1m[vite][22m[39m [31mhttp proxy error: /api/auth/me[39m
AggregateError [ECONNREFUSED]: 
    at internalConnectMultiple (node:net:1134:18)
    at afterConnectMultiple (node:net:1715:7)
[2m16:35:41[22m [31m[1m[vite][22m[39m [31mhttp proxy error: /api/analytics/page-view[39m
AggregateError [ECONNREFUSED]: 
    at internalConnectMultiple (node:net:1134:18)
    at afterConnectMultiple (node:net:1715:7)
[2m16:35:41[22m [31m[1m[vite][22m[39m [31mhttp proxy error: /api/workshop-history/conversations[39m
AggregateError [ECONNREFUSED]: 
    at internalConnectMultiple (node:net:1134:18)
    at afterConnectMultiple (node:net:1715:7)
[2m16:35:41[22m [31m[1m[vite][22m[39m [31mhttp proxy error: /api/workshop-history/conversations[39m
AggregateError [ECONNREFUSED]: 
    at internalConnectMultiple (node:net:1134:18)
    at afterConnectMultiple (node:net:1715:7)
[2m16:35:41[22m [31m[1m[vite][22m[39m [31mhttp proxy error: /api/analytics/page-view[39m
AggregateError [ECONNREFUSED]: 
    at internalConnectMultiple (node:net:1134:18)
    at afterConnectMultiple (node:net:1715:7)
[2m16:35:41[22m [31m[1m[vite][22m[39m [31mhttp proxy error: /api/workshop-history/conversations[39m
AggregateError [ECONNREFUSED]: 
    at internalConnectMultiple (node:net:1134:18)
    at afterConnectMultiple (node:net:1715:7)
[2m16:46:09[22m [31m[1m[vite][22m[39m [31mhttp proxy error: /api/auth/me[39m
AggregateError [ECONNREFUSED]: 
    at internalConnectMultiple (node:net:1134:18)
    at afterConnectMultiple (node:net:1715:7)
[2m16:46:09[22m [31m[1m[vite][22m[39m Pre-transform error: Element is missing end tag.
[2m16:46:09[22m [31m[1m[vite][22m[39m [31mInternal server error: Element is missing end tag.[39m
  Plugin: [35mvite:vue[39m
  File: [36mD:/Cording_V1.0/AI EDU/Web_Frontend/src/components/AppSidebar.vue[39m:41:9
[33m  39 |            </svg>
  40 |          </span>
  41 |          <span>鏂板璇?/span>
     |           ^
  42 |        </button>
  43 |        <div class="workshop-history">[39m
      at createCompilerError (D:\Cording_V1.0\AI EDU\Web_Frontend\node_modules\@vue\compiler-core\dist\compiler-core.cjs.js:1378:17)
      at emitError (D:\Cording_V1.0\AI EDU\Web_Frontend\node_modules\@vue\compiler-core\dist\compiler-core.cjs.js:3014:5)
      at Object.onclosetag (D:\Cording_V1.0\AI EDU\Web_Frontend\node_modules\@vue\compiler-core\dist\compiler-core.cjs.js:2381:13)
      at Tokenizer.stateInClosingTagName (D:\Cording_V1.0\AI EDU\Web_Frontend\node_modules\@vue\compiler-core\dist\compiler-core.cjs.js:799:16)
      at Tokenizer.parse (D:\Cording_V1.0\AI EDU\Web_Frontend\node_modules\@vue\compiler-core\dist\compiler-core.cjs.js:1157:16)
      at Object.baseParse (D:\Cording_V1.0\AI EDU\Web_Frontend\node_modules\@vue\compiler-core\dist\compiler-core.cjs.js:3053:13)
      at Object.parse (D:\Cording_V1.0\AI EDU\Web_Frontend\node_modules\@vue\compiler-dom\dist\compiler-dom.cjs.js:910:23)
      at Object.parse$1 [as parse] (D:\Cording_V1.0\AI EDU\Web_Frontend\node_modules\@vue\compiler-sfc\dist\compiler-sfc.cjs.js:1824:24)
      at createDescriptor (file:///D:/Cording_V1.0/AI%20EDU/Web_Frontend/node_modules/@vitejs/plugin-vue/dist/index.mjs:71:43)
      at handleHotUpdate (file:///D:/Cording_V1.0/AI%20EDU/Web_Frontend/node_modules/@vitejs/plugin-vue/dist/index.mjs:2198:26)
[2m16:50:42[22m [31m[1m[vite][22m[39m [31mhttp proxy error: /api/auth/me[39m
AggregateError [ECONNREFUSED]: 
    at internalConnectMultiple (node:net:1134:18)
    at afterConnectMultiple (node:net:1715:7)
[2m16:50:42[22m [31m[1m[vite][22m[39m [31mhttp proxy error: /api/analytics/page-view[39m
AggregateError [ECONNREFUSED]: 
    at internalConnectMultiple (node:net:1134:18)
    at afterConnectMultiple (node:net:1715:7)
[2m16:50:42[22m [31m[1m[vite][22m[39m [31mhttp proxy error: /api/workshop-history/conversations[39m
AggregateError [ECONNREFUSED]: 
    at internalConnectMultiple (node:net:1134:18)
    at afterConnectMultiple (node:net:1715:7)
[2m16:50:42[22m [31m[1m[vite][22m[39m [31mhttp proxy error: /api/workshop-history/conversations[39m
AggregateError [ECONNREFUSED]: 
    at internalConnectMultiple (node:net:1134:18)
    at afterConnectMultiple (node:net:1715:7)
[2m16:50:42[22m [31m[1m[vite][22m[39m [31mhttp proxy error: /api/analytics/page-view[39m
AggregateError [ECONNREFUSED]: 
    at internalConnectMultiple (node:net:1134:18)
    at afterConnectMultiple (node:net:1715:7)
[2m16:50:42[22m [31m[1m[vite][22m[39m [31mhttp proxy error: /api/workshop-history/conversations[39m
AggregateError [ECONNREFUSED]: 
    at internalConnectMultiple (node:net:1134:18)
    at afterConnectMultiple (node:net:1715:7)
[2m16:52:48[22m [31m[1m[vite][22m[39m [31mhttp proxy error: /api/auth/me[39m
AggregateError [ECONNREFUSED]: 
    at internalConnectMultiple (node:net:1134:18)
    at afterConnectMultiple (node:net:1715:7)
[2m16:52:48[22m [31m[1m[vite][22m[39m [31mhttp proxy error: /api/analytics/page-view[39m
AggregateError [ECONNREFUSED]: 
    at internalConnectMultiple (node:net:1134:18)
    at afterConnectMultiple (node:net:1715:7)
[2m16:52:48[22m [31m[1m[vite][22m[39m [31mhttp proxy error: /api/workshop-history/conversations[39m
AggregateError [ECONNREFUSED]: 
    at internalConnectMultiple (node:net:1134:18)
    at afterConnectMultiple (node:net:1715:7)
[2m16:52:48[22m [31m[1m[vite][22m[39m [31mhttp proxy error: /api/workshop-history/conversations[39m
AggregateError [ECONNREFUSED]: 
    at internalConnectMultiple (node:net:1134:18)
    at afterConnectMultiple (node:net:1715:7)
[2m16:52:48[22m [31m[1m[vite][22m[39m [31mhttp proxy error: /api/analytics/page-view[39m
AggregateError [ECONNREFUSED]: 
    at internalConnectMultiple (node:net:1134:18)
    at afterConnectMultiple (node:net:1715:7)
[2m16:52:48[22m [31m[1m[vite][22m[39m [31mhttp proxy error: /api/workshop-history/conversations[39m
AggregateError [ECONNREFUSED]: 
    at internalConnectMultiple (node:net:1134:18)
    at afterConnectMultiple (node:net:1715:7)
[2m16:52:50[22m [31m[1m[vite][22m[39m [31mhttp proxy error: /api/analytics/page-view[39m
AggregateError [ECONNREFUSED]: 
    at internalConnectMultiple (node:net:1134:18)
    at afterConnectMultiple (node:net:1715:7)
[2m16:52:50[22m [31m[1m[vite][22m[39m [31mhttp proxy error: /api/workshop-history/conversations[39m
AggregateError [ECONNREFUSED]: 
    at internalConnectMultiple (node:net:1134:18)
    at afterConnectMultiple (node:net:1715:7)
[2m16:52:50[22m [31m[1m[vite][22m[39m [31mhttp proxy error: /api/analytics/page-view[39m
AggregateError [ECONNREFUSED]: 
    at internalConnectMultiple (node:net:1134:18)
    at afterConnectMultiple (node:net:1715:7)
[2m16:52:50[22m [31m[1m[vite][22m[39m [31mhttp proxy error: /api/workshop-history/conversations[39m
AggregateError [ECONNREFUSED]: 
    at internalConnectMultiple (node:net:1134:18)
    at afterConnectMultiple (node:net:1715:7)
[2m16:52:50[22m [31m[1m[vite][22m[39m [31mhttp proxy error: /api/workshop-history/conversations[39m
AggregateError [ECONNREFUSED]: 
    at internalConnectMultiple (node:net:1134:18)
    at afterConnectMultiple (node:net:1715:7)
[2m16:52:53[22m [31m[1m[vite][22m[39m [31mhttp proxy error: /api/analytics/page-view[39m
AggregateError [ECONNREFUSED]: 
    at internalConnectMultiple (node:net:1134:18)
    at afterConnectMultiple (node:net:1715:7)
[2m16:52:53[22m [31m[1m[vite][22m[39m [31mhttp proxy error: /api/workshop-history/conversations[39m
AggregateError [ECONNREFUSED]: 
    at internalConnectMultiple (node:net:1134:18)
    at afterConnectMultiple (node:net:1715:7)
[2m16:52:53[22m [31m[1m[vite][22m[39m [31mhttp proxy error: /api/analytics/page-view[39m
AggregateError [ECONNREFUSED]: 
    at internalConnectMultiple (node:net:1134:18)
    at afterConnectMultiple (node:net:1715:7)
[2m16:52:53[22m [31m[1m[vite][22m[39m [31mhttp proxy error: /api/workshop-history/conversations[39m
AggregateError [ECONNREFUSED]: 
    at internalConnectMultiple (node:net:1134:18)
    at afterConnectMultiple (node:net:1715:7)
[2m16:52:53[22m [31m[1m[vite][22m[39m [31mhttp proxy error: /api/workshop-history/conversations[39m
AggregateError [ECONNREFUSED]: 
    at internalConnectMultiple (node:net:1134:18)
    at afterConnectMultiple (node:net:1715:7)
[2m16:52:54[22m [31m[1m[vite][22m[39m [31mhttp proxy error: /api/analytics/page-view[39m
AggregateError [ECONNREFUSED]: 
    at internalConnectMultiple (node:net:1134:18)
    at afterConnectMultiple (node:net:1715:7)
[2m16:52:54[22m [31m[1m[vite][22m[39m [31mhttp proxy error: /api/workshop-history/conversations[39m
AggregateError [ECONNREFUSED]: 
    at internalConnectMultiple (node:net:1134:18)
    at afterConnectMultiple (node:net:1715:7)
[2m16:52:55[22m [31m[1m[vite][22m[39m [31mhttp proxy error: /api/analytics/page-view[39m
AggregateError [ECONNREFUSED]: 
    at internalConnectMultiple (node:net:1134:18)
    at afterConnectMultiple (node:net:1715:7)
[2m16:52:55[22m [31m[1m[vite][22m[39m [31mhttp proxy error: /api/workshop-history/conversations[39m
AggregateError [ECONNREFUSED]: 
    at internalConnectMultiple (node:net:1134:18)
    at afterConnectMultiple (node:net:1715:7)
[2m16:52:55[22m [31m[1m[vite][22m[39m [31mhttp proxy error: /api/workshop-history/conversations[39m
AggregateError [ECONNREFUSED]: 
    at internalConnectMultiple (node:net:1134:18)
    at afterConnectMultiple (node:net:1715:7)
[2m16:52:55[22m [31m[1m[vite][22m[39m [31mhttp proxy error: /api/analytics/page-view[39m
AggregateError [ECONNREFUSED]: 
    at internalConnectMultiple (node:net:1134:18)
    at afterConnectMultiple (node:net:1715:7)
[2m16:52:55[22m [31m[1m[vite][22m[39m [31mhttp proxy error: /api/workshop-history/conversations[39m
AggregateError [ECONNREFUSED]: 
    at internalConnectMultiple (node:net:1134:18)
    at afterConnectMultiple (node:net:1715:7)
[2m16:52:57[22m [31m[1m[vite][22m[39m [31mhttp proxy error: /api/auth/me[39m
AggregateError [ECONNREFUSED]: 
    at internalConnectMultiple (node:net:1134:18)
    at afterConnectMultiple (node:net:1715:7)
[2m16:52:57[22m [31m[1m[vite][22m[39m [31mhttp proxy error: /api/analytics/page-view[39m
AggregateError [ECONNREFUSED]: 
    at internalConnectMultiple (node:net:1134:18)
    at afterConnectMultiple (node:net:1715:7)
[2m16:52:57[22m [31m[1m[vite][22m[39m [31mhttp proxy error: /api/workshop-history/conversations[39m
AggregateError [ECONNREFUSED]: 
    at internalConnectMultiple (node:net:1134:18)
    at afterConnectMultiple (node:net:1715:7)
[2m16:52:57[22m [31m[1m[vite][22m[39m [31mhttp proxy error: /api/workshop-history/conversations[39m
AggregateError [ECONNREFUSED]: 
    at internalConnectMultiple (node:net:1134:18)
    at afterConnectMultiple (node:net:1715:7)
[2m16:52:57[22m [31m[1m[vite][22m[39m [31mhttp proxy error: /api/analytics/page-view[39m
AggregateError [ECONNREFUSED]: 
    at internalConnectMultiple (node:net:1134:18)
    at afterConnectMultiple (node:net:1715:7)
[2m16:52:57[22m [31m[1m[vite][22m[39m [31mhttp proxy error: /api/workshop-history/conversations[39m
AggregateError [ECONNREFUSED]: 
    at internalConnectMultiple (node:net:1134:18)
    at afterConnectMultiple (node:net:1715:7)
[2m16:52:58[22m [31m[1m[vite][22m[39m [31mhttp proxy error: /api/auth/me[39m
AggregateError [ECONNREFUSED]: 
    at internalConnectMultiple (node:net:1134:18)
    at afterConnectMultiple (node:net:1715:7)
[2m16:52:58[22m [31m[1m[vite][22m[39m [31mhttp proxy error: /api/analytics/page-view[39m
AggregateError [ECONNREFUSED]: 
    at internalConnectMultiple (node:net:1134:18)
    at afterConnectMultiple (node:net:1715:7)
[2m16:52:58[22m [31m[1m[vite][22m[39m [31mhttp proxy error: /api/workshop-history/conversations[39m
AggregateError [ECONNREFUSED]: 
    at internalConnectMultiple (node:net:1134:18)
    at afterConnectMultiple (node:net:1715:7)
[2m16:52:58[22m [31m[1m[vite][22m[39m [31mhttp proxy error: /api/workshop-history/conversations[39m
AggregateError [ECONNREFUSED]: 
    at internalConnectMultiple (node:net:1134:18)
    at afterConnectMultiple (node:net:1715:7)
[2m16:52:58[22m [31m[1m[vite][22m[39m [31mhttp proxy error: /api/analytics/page-view[39m
AggregateError [ECONNREFUSED]: 
    at internalConnectMultiple (node:net:1134:18)
    at afterConnectMultiple (node:net:1715:7)
[2m16:52:58[22m [31m[1m[vite][22m[39m [31mhttp proxy error: /api/workshop-history/conversations[39m
AggregateError [ECONNREFUSED]: 
    at internalConnectMultiple (node:net:1134:18)
    at afterConnectMultiple (node:net:1715:7)
[2m16:59:07[22m [31m[1m[vite][22m[39m [31mhttp proxy error: /api/workshop-history/conversations[39m
AggregateError [ECONNREFUSED]: 
    at internalConnectMultiple (node:net:1134:18)
    at afterConnectMultiple (node:net:1715:7)
[2m17:04:05[22m [31m[1m[vite][22m[39m [31mhttp proxy error: /api/auth/me[39m
AggregateError [ECONNREFUSED]: 
    at internalConnectMultiple (node:net:1134:18)
    at afterConnectMultiple (node:net:1715:7)
[2m17:04:05[22m [31m[1m[vite][22m[39m [31mhttp proxy error: /api/analytics/page-view[39m
AggregateError [ECONNREFUSED]: 
    at internalConnectMultiple (node:net:1134:18)
    at afterConnectMultiple (node:net:1715:7)
[2m17:04:05[22m [31m[1m[vite][22m[39m [31mhttp proxy error: /api/workshop-history/conversations[39m
AggregateError [ECONNREFUSED]: 
    at internalConnectMultiple (node:net:1134:18)
    at afterConnectMultiple (node:net:1715:7)
[2m17:04:05[22m [31m[1m[vite][22m[39m [31mhttp proxy error: /api/workshop-history/conversations[39m
AggregateError [ECONNREFUSED]: 
    at internalConnectMultiple (node:net:1134:18)
    at afterConnectMultiple (node:net:1715:7)
[2m17:04:05[22m [31m[1m[vite][22m[39m [31mhttp proxy error: /api/analytics/page-view[39m
AggregateError [ECONNREFUSED]: 
    at internalConnectMultiple (node:net:1134:18)
    at afterConnectMultiple (node:net:1715:7)
[2m17:04:05[22m [31m[1m[vite][22m[39m [31mhttp proxy error: /api/workshop-history/conversations[39m
AggregateError [ECONNREFUSED]: 
    at internalConnectMultiple (node:net:1134:18)
    at afterConnectMultiple (node:net:1715:7)
[2m17:04:08[22m [31m[1m[vite][22m[39m [31mhttp proxy error: /api/analytics/page-view[39m
AggregateError [ECONNREFUSED]: 
    at internalConnectMultiple (node:net:1134:18)
    at afterConnectMultiple (node:net:1715:7)
[2m17:04:08[22m [31m[1m[vite][22m[39m [31mhttp proxy error: /api/workshop-history/conversations[39m
AggregateError [ECONNREFUSED]: 
    at internalConnectMultiple (node:net:1134:18)
    at afterConnectMultiple (node:net:1715:7)
[2m17:04:08[22m [31m[1m[vite][22m[39m [31mhttp proxy error: /api/analytics/page-view[39m
AggregateError [ECONNREFUSED]: 
    at internalConnectMultiple (node:net:1134:18)
    at afterConnectMultiple (node:net:1715:7)
[2m17:04:08[22m [31m[1m[vite][22m[39m [31mhttp proxy error: /api/workshop-history/conversations[39m
AggregateError [ECONNREFUSED]: 
    at internalConnectMultiple (node:net:1134:18)
    at afterConnectMultiple (node:net:1715:7)
[2m17:04:08[22m [31m[1m[vite][22m[39m [31mhttp proxy error: /api/workshop-history/conversations[39m
AggregateError [ECONNREFUSED]: 
    at internalConnectMultiple (node:net:1134:18)
    at afterConnectMultiple (node:net:1715:7)
[2m17:04:12[22m [31m[1m[vite][22m[39m [31mhttp proxy error: /api/analytics/page-view[39m
AggregateError [ECONNREFUSED]: 
    at internalConnectMultiple (node:net:1134:18)
    at afterConnectMultiple (node:net:1715:7)
[2m17:04:12[22m [31m[1m[vite][22m[39m [31mhttp proxy error: /api/workshop-history/conversations[39m
AggregateError [ECONNREFUSED]: 
    at internalConnectMultiple (node:net:1134:18)
    at afterConnectMultiple (node:net:1715:7)
[2m17:04:12[22m [31m[1m[vite][22m[39m [31mhttp proxy error: /api/ranks/main/weibo[39m
AggregateError [ECONNREFUSED]: 
    at internalConnectMultiple (node:net:1134:18)
    at afterConnectMultiple (node:net:1715:7)
[2m17:04:12[22m [31m[1m[vite][22m[39m [31mhttp proxy error: /api/ranks/sub/weibo[39m
AggregateError [ECONNREFUSED]: 
    at internalConnectMultiple (node:net:1134:18)
    at afterConnectMultiple (node:net:1715:7)
[2m17:04:14[22m [31m[1m[vite][22m[39m [31mhttp proxy error: /api/ranks/main/weibo[39m
AggregateError [ECONNREFUSED]: 
    at internalConnectMultiple (node:net:1134:18)
    at afterConnectMultiple (node:net:1715:7)
[2m17:04:14[22m [31m[1m[vite][22m[39m [31mhttp proxy error: /api/ranks/sub/weibo[39m
AggregateError [ECONNREFUSED]: 
    at internalConnectMultiple (node:net:1134:18)
    at afterConnectMultiple (node:net:1715:7)
[2m17:04:15[22m [31m[1m[vite][22m[39m [31mhttp proxy error: /api/ranks/main/weibo[39m
AggregateError [ECONNREFUSED]: 
    at internalConnectMultiple (node:net:1134:18)
    at afterConnectMultiple (node:net:1715:7)
[2m17:04:15[22m [31m[1m[vite][22m[39m [31mhttp proxy error: /api/ranks/sub/weibo[39m
AggregateError [ECONNREFUSED]: 
    at internalConnectMultiple (node:net:1134:18)
    at afterConnectMultiple (node:net:1715:7)
[2m17:04:15[22m [31m[1m[vite][22m[39m [31mhttp proxy error: /api/ranks/main/weibo[39m
AggregateError [ECONNREFUSED]: 
    at internalConnectMultiple (node:net:1134:18)
    at afterConnectMultiple (node:net:1715:7)
[2m17:04:15[22m [31m[1m[vite][22m[39m [31mhttp proxy error: /api/ranks/sub/weibo[39m
AggregateError [ECONNREFUSED]: 
    at internalConnectMultiple (node:net:1134:18)
    at afterConnectMultiple (node:net:1715:7)
[2m17:04:15[22m [31m[1m[vite][22m[39m [31mhttp proxy error: /api/ranks/main/weibo[39m
AggregateError [ECONNREFUSED]: 
    at internalConnectMultiple (node:net:1134:18)
    at afterConnectMultiple (node:net:1715:7)
[2m17:04:15[22m [31m[1m[vite][22m[39m [31mhttp proxy error: /api/ranks/sub/weibo[39m
AggregateError [ECONNREFUSED]: 
    at internalConnectMultiple (node:net:1134:18)
    at afterConnectMultiple (node:net:1715:7)
[2m17:04:15[22m [31m[1m[vite][22m[39m [31mhttp proxy error: /api/ranks/main/weibo[39m
AggregateError [ECONNREFUSED]: 
    at internalConnectMultiple (node:net:1134:18)
    at afterConnectMultiple (node:net:1715:7)
[2m17:04:15[22m [31m[1m[vite][22m[39m [31mhttp proxy error: /api/ranks/sub/weibo[39m
AggregateError [ECONNREFUSED]: 
    at internalConnectMultiple (node:net:1134:18)
    at afterConnectMultiple (node:net:1715:7)
[2m17:04:15[22m [31m[1m[vite][22m[39m [31mhttp proxy error: /api/ranks/main/weibo[39m
AggregateError [ECONNREFUSED]: 
    at internalConnectMultiple (node:net:1134:18)
    at afterConnectMultiple (node:net:1715:7)
[2m17:04:15[22m [31m[1m[vite][22m[39m [31mhttp proxy error: /api/ranks/sub/weibo[39m
AggregateError [ECONNREFUSED]: 
    at internalConnectMultiple (node:net:1134:18)
    at afterConnectMultiple (node:net:1715:7)
[2m17:04:16[22m [31m[1m[vite][22m[39m [31mhttp proxy error: /api/ranks/main/weibo[39m
AggregateError [ECONNREFUSED]: 
    at internalConnectMultiple (node:net:1134:18)
    at afterConnectMultiple (node:net:1715:7)
[2m17:04:16[22m [31m[1m[vite][22m[39m [31mhttp proxy error: /api/ranks/sub/weibo[39m
AggregateError [ECONNREFUSED]: 
    at internalConnectMultiple (node:net:1134:18)
    at afterConnectMultiple (node:net:1715:7)
[2m17:04:39[22m [31m[1m[vite][22m[39m [31mhttp proxy error: /api/analytics/page-view[39m
AggregateError [ECONNREFUSED]: 
    at internalConnectMultiple (node:net:1134:18)
    at afterConnectMultiple (node:net:1715:7)
[2m17:04:39[22m [31m[1m[vite][22m[39m [31mhttp proxy error: /api/workshop-history/conversations[39m
AggregateError [ECONNREFUSED]: 
    at internalConnectMultiple (node:net:1134:18)
    at afterConnectMultiple (node:net:1715:7)
[2m17:04:41[22m [31m[1m[vite][22m[39m [31mhttp proxy error: /api/analytics/page-view[39m
AggregateError [ECONNREFUSED]: 
    at internalConnectMultiple (node:net:1134:18)
    at afterConnectMultiple (node:net:1715:7)
[2m17:04:41[22m [31m[1m[vite][22m[39m [31mhttp proxy error: /api/workshop-history/conversations[39m
AggregateError [ECONNREFUSED]: 
    at internalConnectMultiple (node:net:1134:18)
    at afterConnectMultiple (node:net:1715:7)
[2m17:04:41[22m [31m[1m[vite][22m[39m [31mhttp proxy error: /api/workshop-history/conversations[39m
AggregateError [ECONNREFUSED]: 
    at internalConnectMultiple (node:net:1134:18)
    at afterConnectMultiple (node:net:1715:7)
[2m17:04:41[22m [31m[1m[vite][22m[39m [31mhttp proxy error: /api/analytics/page-view[39m
AggregateError [ECONNREFUSED]: 
    at internalConnectMultiple (node:net:1134:18)
    at afterConnectMultiple (node:net:1715:7)
[2m17:04:41[22m [31m[1m[vite][22m[39m [31mhttp proxy error: /api/workshop-history/conversations[39m
AggregateError [ECONNREFUSED]: 
    at internalConnectMultiple (node:net:1134:18)
    at afterConnectMultiple (node:net:1715:7)
[2m17:04:44[22m [31m[1m[vite][22m[39m [31mhttp proxy error: /api/analytics/page-view[39m
AggregateError [ECONNREFUSED]: 
    at internalConnectMultiple (node:net:1134:18)
    at afterConnectMultiple (node:net:1715:7)
[2m17:04:44[22m [31m[1m[vite][22m[39m [31mhttp proxy error: /api/workshop-history/conversations[39m
AggregateError [ECONNREFUSED]: 
    at internalConnectMultiple (node:net:1134:18)
    at afterConnectMultiple (node:net:1715:7)
[2m17:04:44[22m [31m[1m[vite][22m[39m [31mhttp proxy error: /api/analytics/page-view[39m
AggregateError [ECONNREFUSED]: 
    at internalConnectMultiple (node:net:1134:18)
    at afterConnectMultiple (node:net:1715:7)
[2m17:04:44[22m [31m[1m[vite][22m[39m [31mhttp proxy error: /api/workshop-history/conversations[39m
AggregateError [ECONNREFUSED]: 
    at internalConnectMultiple (node:net:1134:18)
    at afterConnectMultiple (node:net:1715:7)
[2m17:04:44[22m [31m[1m[vite][22m[39m [31mhttp proxy error: /api/workshop-history/conversations[39m
AggregateError [ECONNREFUSED]: 
    at internalConnectMultiple (node:net:1134:18)
    at afterConnectMultiple (node:net:1715:7)
[2m17:07:21[22m [31m[1m[vite][22m[39m [31mhttp proxy error: /api/ranks/main/weibo[39m
AggregateError [ECONNREFUSED]: 
    at internalConnectMultiple (node:net:1134:18)
    at afterConnectMultiple (node:net:1715:7)
[2m17:09:09[22m [31m[1m[vite][22m[39m [31mhttp proxy error: /api/ranks/main/weibo[39m
AggregateError [ECONNREFUSED]: 
    at internalConnectMultiple (node:net:1134:18)
    at afterConnectMultiple (node:net:1715:7)
[2m22:38:50[22m [31m[1m[vite][22m[39m [31mhttp proxy error: /api/auth/sessions[39m
AggregateError [ECONNREFUSED]: 
    at internalConnectMultiple (node:net:1134:18)
    at afterConnectMultiple (node:net:1715:7)
[2m22:38:51[22m [31m[1m[vite][22m[39m [31mhttp proxy error: /api/auth/sessions[39m
AggregateError [ECONNREFUSED]: 
    at internalConnectMultiple (node:net:1134:18)
    at afterConnectMultiple (node:net:1715:7)
[2m22:39:00[22m [31m[1m[vite][22m[39m [31mhttp proxy error: /api/auth/sessions[39m
AggregateError [ECONNREFUSED]: 
    at internalConnectMultiple (node:net:1134:18)
    at afterConnectMultiple (node:net:1715:7)
